<?xml version="1.0" encoding="UTF-8"?>
<!-- Generated by org.testng.reporters.JUnitReportReporter -->
<testsuite hostname="LAPTOP-V3DV16BE" failures="0" tests="5" name="testCases.TC_003_LoginDataDrivenTest" time="46.741" errors="0" timestamp="2024-02-25T16:56:49 EST" skipped="0">
  <testcase classname="testCases.TC_003_LoginDataDrivenTest" name="test_loginDDT" time="11.217"/>
  <system-out/>
  <testcase classname="testCases.TC_003_LoginDataDrivenTest" name="test_loginDDT" time="11.103"/>
  <system-out/>
  <testcase classname="testCases.TC_003_LoginDataDrivenTest" name="test_loginDDT" time="11.218"/>
  <system-out/>
  <testcase classname="testCases.TC_003_LoginDataDrivenTest" name="test_loginDDT" time="1.828"/>
  <system-out/>
  <testcase classname="testCases.TC_003_LoginDataDrivenTest" name="test_loginDDT" time="11.375"/>
  <system-out/>
</testsuite> <!-- testCases.TC_003_LoginDataDrivenTest -->
