<?xml version="1.0" encoding="UTF-8"?>
<!-- Generated by org.testng.reporters.JUnitReportReporter -->
<testsuite hostname="LAPTOP-V3DV16BE" failures="0" tests="1" name="testCases.TC_002_LoginTest" time="1.379" errors="0" timestamp="2024-02-01T17:46:28 EST" skipped="0">
  <testcase classname="testCases.TC_002_LoginTest" name="test_Login" time="1.379"/>
  <system-out/>
</testsuite> <!-- testCases.TC_002_LoginTest -->
